<?xml version="1.0" encoding="UTF-8"?>
<testng-results skipped="0" failed="0" ignored="0" total="1" passed="1">
  <reporter-output>
  </reporter-output>
  <suite name="Default suite" duration-ms="13746" started-at="2017-09-11T09:49:53Z" finished-at="2017-09-11T09:50:06Z">
    <groups>
    </groups>
    <test name="Default test" duration-ms="13746" started-at="2017-09-11T09:49:53Z" finished-at="2017-09-11T09:50:06Z">
      <class name="appium.Launching_Application">
        <test-method status="PASS" signature="setUp()[pri:0, instance:appium.Launching_Application@6500df86]" name="setUp" is-config="true" duration-ms="12" started-at="2017-09-11T15:19:53Z" finished-at="2017-09-11T15:19:53Z">
          <reporter-output>
          </reporter-output>
        </test-method> <!-- setUp -->
        <test-method status="PASS" signature="Launch()[pri:0, instance:appium.Launching_Application@6500df86]" name="Launch" duration-ms="13708" started-at="2017-09-11T15:19:53Z" finished-at="2017-09-11T15:20:06Z">
          <reporter-output>
          </reporter-output>
        </test-method> <!-- Launch -->
      </class> <!-- appium.Launching_Application -->
    </test> <!-- Default test -->
  </suite> <!-- Default suite -->
</testng-results>
